This is pdfTeX, Version 3.14159265-2.6-1.40.21 (MiKTeX 21.1) (preloaded format=pdflatex 2021.2.19)  10 MAR 2021 21:20
entering extended mode
**"c:/Users/Claus/CloudStation/Bsc 2020/2 semester/UFO/assignments/2/helloworld.tex"
("c:/Users/Claus/CloudStation/Bsc 2020/2 semester/UFO/assignments/2/helloworld.tex"
LaTeX2e <2020-10-01> patch level 4
L3 programming layer <2021-02-06> xparse <2020-03-03> (e:\Users\Claus\AppData\Local\Programs\MiKTeX\tex/latex/base\article.cls
Document Class: article 2020/04/10 v1.4m Standard LaTeX document class
(e:\Users\Claus\AppData\Local\Programs\MiKTeX\tex/latex/base\size10.clo
File: size10.clo 2020/04/10 v1.4m Standard LaTeX file (size option)
)
\c@part=\count177
\c@section=\count178
\c@subsection=\count179
\c@subsubsection=\count180
\c@paragraph=\count181
\c@subparagraph=\count182
\c@figure=\count183
\c@table=\count184
\abovecaptionskip=\skip47
\belowcaptionskip=\skip48
\bibindent=\dimen138
) (e:\Users\Claus\AppData\Local\Programs\MiKTeX\tex/generic/babel\babel.sty
Package: babel 2021/01/26 3.53 The Babel package
 (e:\Users\Claus\AppData\Local\Programs\MiKTeX\tex/generic/babel\babel.def
File: babel.def 2021/01/26 3.53 Babel common definitions
\babel@savecnt=\count185
\U@D=\dimen139
\l@babelnohyphens=\language79
 (e:\Users\Claus\AppData\Local\Programs\MiKTeX\tex/generic/babel\txtbabel.def)
\bbl@readstream=\read2
)
\bbl@dirlevel=\count186

*************************************
* Local config file bblopts.cfg used
*
(e:\Users\Claus\AppData\Local\Programs\MiKTeX\tex/latex/arabi\bblopts.cfg
File: bblopts.cfg 2005/09/08 v0.1 add Arabic and Farsi to "declared" options of babel
) (e:\Users\Claus\AppData\Local\Programs\MiKTeX\tex/latex/babel-danish\danish.ldf
Language: danish 2021/02/06 v1.3s Danish support from the babel system
Package babel Info: Making " an active character on input line 82.
)) (e:\Users\Claus\AppData\Local\Programs\MiKTeX\tex/latex/graphics\graphicx.sty
Package: graphicx 2020/09/09 v1.2b Enhanced LaTeX Graphics (DPC,SPQR)
 (e:\Users\Claus\AppData\Local\Programs\MiKTeX\tex/latex/graphics\keyval.sty
Package: keyval 2014/10/28 v1.15 key=value parser (DPC)
\KV@toks@=\toks15
) (e:\Users\Claus\AppData\Local\Programs\MiKTeX\tex/latex/graphics\graphics.sty
Package: graphics 2020/08/30 v1.4c Standard LaTeX Graphics (DPC,SPQR)
 (e:\Users\Claus\AppData\Local\Programs\MiKTeX\tex/latex/graphics\trig.sty
Package: trig 2016/01/03 v1.10 sin cos tan (DPC)
) (e:\Users\Claus\AppData\Local\Programs\MiKTeX\tex/latex/graphics-cfg\graphics.cfg
File: graphics.cfg 2016/06/04 v1.11 sample graphics configuration
)
Package graphics Info: Driver file: pdftex.def on input line 105.
 (e:\Users\Claus\AppData\Local\Programs\MiKTeX\tex/latex/graphics-def\pdftex.def
File: pdftex.def 2020/10/05 v1.2a Graphics/color driver for pdftex
))
\Gin@req@height=\dimen140
\Gin@req@width=\dimen141
) (e:\Users\Claus\AppData\Local\Programs\MiKTeX\tex/latex/outlines\outlines.sty
Package: outlines 2012/1/23 1.1 Ch. Pecheur
 (e:\Users\Claus\AppData\Local\Programs\MiKTeX\tex/latex/base\ifthen.sty
Package: ifthen 2014/09/29 v1.1c Standard LaTeX ifthen package (DPC)
)) (e:\Users\Claus\AppData\Local\Programs\MiKTeX\tex/latex/amsfonts\amssymb.sty
Package: amssymb 2013/01/14 v3.01 AMS font symbols
 (e:\Users\Claus\AppData\Local\Programs\MiKTeX\tex/latex/amsfonts\amsfonts.sty
Package: amsfonts 2013/01/14 v3.01 Basic AMSFonts support
\@emptytoks=\toks16
\symAMSa=\mathgroup4
\symAMSb=\mathgroup5
LaTeX Font Info:    Redeclaring math symbol \hbar on input line 98.
LaTeX Font Info:    Overwriting math alphabet `\mathfrak' in version `bold'
(Font)                  U/euf/m/n --> U/euf/b/n on input line 106.
)) (e:\Users\Claus\AppData\Local\Programs\MiKTeX\tex/latex/enumitem\enumitem.sty
Package: enumitem 2019/06/20 v3.9 Customized lists
\labelindent=\skip49
\enit@outerparindent=\dimen142
\enit@toks=\toks17
\enit@inbox=\box47
\enit@count@id=\count187
\enitdp@description=\count188
) (e:\Users\Claus\AppData\Local\Programs\MiKTeX\tex/latex/listings\listings.sty
\lst@mode=\count189
\lst@gtempboxa=\box48
\lst@token=\toks18
\lst@length=\count190
\lst@currlwidth=\dimen143
\lst@column=\count191
\lst@pos=\count192
\lst@lostspace=\dimen144
\lst@width=\dimen145
\lst@newlines=\count193
\lst@lineno=\count194
\lst@maxwidth=\dimen146
 (e:\Users\Claus\AppData\Local\Programs\MiKTeX\tex/latex/listings\lstmisc.sty
File: lstmisc.sty 2020/03/24 1.8d (Carsten Heinz)
\c@lstnumber=\count195
\lst@skipnumbers=\count196
\lst@framebox=\box49
) (e:\Users\Claus\AppData\Local\Programs\MiKTeX\tex/latex/listings\listings.cfg
File: listings.cfg 2020/03/24 1.8d listings configuration
))
Package: listings 2020/03/24 1.8d (Carsten Heinz)
 (e:\Users\Claus\AppData\Local\Programs\MiKTeX\tex/latex/latex-tools\tabularx.sty
Package: tabularx 2020/01/15 v2.11c `tabularx' package (DPC)
 (e:\Users\Claus\AppData\Local\Programs\MiKTeX\tex/latex/latex-tools\array.sty
Package: array 2020/10/01 v2.5c Tabular extension package (FMi)
\col@sep=\dimen147
\ar@mcellbox=\box50
\extrarowheight=\dimen148
\NC@list=\toks19
\extratabsurround=\skip50
\backup@length=\skip51
\ar@cellbox=\box51
)
\TX@col@width=\dimen149
\TX@old@table=\dimen150
\TX@old@col=\dimen151
\TX@target=\dimen152
\TX@delta=\dimen153
\TX@cols=\count197
\TX@ftn=\toks20
) (e:\Users\Claus\AppData\Local\Programs\MiKTeX\tex/latex/multirow\multirow.sty
Package: multirow 2021/01/29 v2.7 Span multiple rows of a table
\multirow@colwidth=\skip52
\multirow@cntb=\count198
\multirow@dima=\skip53
\bigstrutjot=\dimen154
) (e:\Users\Claus\AppData\Local\Programs\MiKTeX\tex/latex/base\fontenc.sty
Package: fontenc 2020/08/10 v2.0s Standard LaTeX package
) (e:\Users\Claus\AppData\Local\Programs\MiKTeX\tex/latex/inconsolata\inconsolata.sty
Package: inconsolata 2019/05/17 v1.12
 `inconsolata-zi4' v1.12, 2019/05/17 Text macros for Inconsolata (msharpe) (e:\Users\Claus\AppData\Local\Programs\MiKTeX\tex/latex/base\textcomp.sty
Package: textcomp 2020/02/02 v2.0n Standard LaTeX package
) (e:\Users\Claus\AppData\Local\Programs\MiKTeX\tex/latex/xkeyval\xkeyval.sty
Package: xkeyval 2020/11/20 v2.8 package option processing (HA)
 (e:\Users\Claus\AppData\Local\Programs\MiKTeX\tex/generic/xkeyval\xkeyval.tex (e:\Users\Claus\AppData\Local\Programs\MiKTeX\tex/generic/xkeyval\xkvutils.tex
\XKV@toks=\toks21
\XKV@tempa@toks=\toks22
)
\XKV@depth=\count199
File: xkeyval.tex 2014/12/03 v2.7a key=value parser (HA)
))
\zifour@ocount=\count266
) (e:\Users\Claus\AppData\Local\Programs\MiKTeX\tex/latex/graphics\color.sty
Package: color 2020/02/24 v1.2b Standard LaTeX Color (DPC)
 (e:\Users\Claus\AppData\Local\Programs\MiKTeX\tex/latex/graphics-cfg\color.cfg
File: color.cfg 2016/01/02 v1.6 sample color configuration
)
Package color Info: Driver file: pdftex.def on input line 147.
) (e:\Users\Claus\AppData\Local\Programs\MiKTeX\tex/latex/hyperref\hyperref.sty
Package: hyperref 2021-02-10 v7.00j Hypertext links for LaTeX
 (e:\Users\Claus\AppData\Local\Programs\MiKTeX\tex/generic/ltxcmds\ltxcmds.sty
Package: ltxcmds 2020-05-10 v1.25 LaTeX kernel commands for general use (HO)
) (e:\Users\Claus\AppData\Local\Programs\MiKTeX\tex/generic/iftex\iftex.sty
Package: iftex 2020/03/06 v1.0d TeX engine tests
) (e:\Users\Claus\AppData\Local\Programs\MiKTeX\tex/generic/pdftexcmds\pdftexcmds.sty
Package: pdftexcmds 2020-06-27 v0.33 Utility functions of pdfTeX for LuaTeX (HO)
 (e:\Users\Claus\AppData\Local\Programs\MiKTeX\tex/generic/infwarerr\infwarerr.sty
Package: infwarerr 2019/12/03 v1.5 Providing info/warning/error messages (HO)
)
Package pdftexcmds Info: \pdf@primitive is available.
Package pdftexcmds Info: \pdf@ifprimitive is available.
Package pdftexcmds Info: \pdfdraftmode found.
) (e:\Users\Claus\AppData\Local\Programs\MiKTeX\tex/generic/kvsetkeys\kvsetkeys.sty
Package: kvsetkeys 2019/12/15 v1.18 Key value parser (HO)
) (e:\Users\Claus\AppData\Local\Programs\MiKTeX\tex/generic/kvdefinekeys\kvdefinekeys.sty
Package: kvdefinekeys 2019-12-19 v1.6 Define keys (HO)
) (e:\Users\Claus\AppData\Local\Programs\MiKTeX\tex/generic/pdfescape\pdfescape.sty
Package: pdfescape 2019/12/09 v1.15 Implements pdfTeX's escape features (HO)
) (e:\Users\Claus\AppData\Local\Programs\MiKTeX\tex/latex/hycolor\hycolor.sty
Package: hycolor 2020-01-27 v1.10 Color options for hyperref/bookmark (HO)
) (e:\Users\Claus\AppData\Local\Programs\MiKTeX\tex/latex/letltxmacro\letltxmacro.sty
Package: letltxmacro 2019/12/03 v1.6 Let assignment for LaTeX macros (HO)
) (e:\Users\Claus\AppData\Local\Programs\MiKTeX\tex/latex/auxhook\auxhook.sty
Package: auxhook 2019-12-17 v1.6 Hooks for auxiliary files (HO)
) (e:\Users\Claus\AppData\Local\Programs\MiKTeX\tex/latex/kvoptions\kvoptions.sty
Package: kvoptions 2020-10-07 v3.14 Key value format for package options (HO)
)
\@linkdim=\dimen155
\Hy@linkcounter=\count267
\Hy@pagecounter=\count268
 (e:\Users\Claus\AppData\Local\Programs\MiKTeX\tex/latex/hyperref\pd1enc.def
File: pd1enc.def 2021-02-10 v7.00j Hyperref: PDFDocEncoding definition (HO)
Now handling font encoding PD1 ...
... no UTF-8 mapping file for font encoding PD1
) (e:\Users\Claus\AppData\Local\Programs\MiKTeX\tex/latex/hyperref\hyperref-langpatches.def
File: hyperref-langpatches.def 2021-02-10 v7.00j Hyperref: patches for babel languages
) (e:\Users\Claus\AppData\Local\Programs\MiKTeX\tex/generic/intcalc\intcalc.sty
Package: intcalc 2019/12/15 v1.3 Expandable calculations with integers (HO)
) (e:\Users\Claus\AppData\Local\Programs\MiKTeX\tex/generic/etexcmds\etexcmds.sty
Package: etexcmds 2019/12/15 v1.7 Avoid name clashes with e-TeX commands (HO)
)
\Hy@SavedSpaceFactor=\count269
 (e:\Users\Claus\AppData\Local\Programs\MiKTeX\tex/latex/hyperref\puenc.def
File: puenc.def 2021-02-10 v7.00j Hyperref: PDF Unicode definition (HO)
Now handling font encoding PU ...
... no UTF-8 mapping file for font encoding PU
)
Package hyperref Info: Hyper figures OFF on input line 4192.
Package hyperref Info: Link nesting OFF on input line 4197.
Package hyperref Info: Hyper index ON on input line 4200.
Package hyperref Info: Plain pages OFF on input line 4207.
Package hyperref Info: Backreferencing OFF on input line 4212.
Package hyperref Info: Implicit mode ON; LaTeX internals redefined.
Package hyperref Info: Bookmarks ON on input line 4445.
\c@Hy@tempcnt=\count270
 (e:\Users\Claus\AppData\Local\Programs\MiKTeX\tex/latex/url\url.sty
\Urlmuskip=\muskip16
Package: url 2013/09/16  ver 3.4  Verb mode for urls, etc.
)
LaTeX Info: Redefining \url on input line 4804.
\XeTeXLinkMargin=\dimen156
 (e:\Users\Claus\AppData\Local\Programs\MiKTeX\tex/generic/bitset\bitset.sty
Package: bitset 2019/12/09 v1.3 Handle bit-vector datatype (HO)
 (e:\Users\Claus\AppData\Local\Programs\MiKTeX\tex/generic/bigintcalc\bigintcalc.sty
Package: bigintcalc 2019/12/15 v1.5 Expandable calculations on big integers (HO)
))
\Fld@menulength=\count271
\Field@Width=\dimen157
\Fld@charsize=\dimen158
Package hyperref Info: Hyper figures OFF on input line 6075.
Package hyperref Info: Link nesting OFF on input line 6080.
Package hyperref Info: Hyper index ON on input line 6083.
Package hyperref Info: backreferencing OFF on input line 6090.
Package hyperref Info: Link coloring OFF on input line 6095.
Package hyperref Info: Link coloring with OCG OFF on input line 6100.
Package hyperref Info: PDF/A mode OFF on input line 6105.
LaTeX Info: Redefining \ref on input line 6145.
LaTeX Info: Redefining \pageref on input line 6149.
 (e:\Users\Claus\AppData\Local\Programs\MiKTeX\tex/latex/base\atbegshi-ltx.sty
Package: atbegshi-ltx 2020/08/17 v1.0a Emulation of the original atbegshi package
with kernel methods
)
\Hy@abspage=\count272
\c@Item=\count273
\c@Hfootnote=\count274
)
Package hyperref Info: Driver (autodetected): hpdftex.
 (e:\Users\Claus\AppData\Local\Programs\MiKTeX\tex/latex/hyperref\hpdftex.def
File: hpdftex.def 2021-02-10 v7.00j Hyperref driver for pdfTeX
 (e:\Users\Claus\AppData\Local\Programs\MiKTeX\tex/latex/base\atveryend-ltx.sty
Package: atveryend-ltx 2020/08/19 v1.0a Emulation of the original atvery package
with kernel methods
)
\Fld@listcount=\count275
\c@bookmark@seq@number=\count276
 (e:\Users\Claus\AppData\Local\Programs\MiKTeX\tex/latex/rerunfilecheck\rerunfilecheck.sty
Package: rerunfilecheck 2019/12/05 v1.9 Rerun checks for auxiliary files (HO)
 (e:\Users\Claus\AppData\Local\Programs\MiKTeX\tex/generic/uniquecounter\uniquecounter.sty
Package: uniquecounter 2019/12/15 v1.4 Provide unlimited unique counter (HO)
)
Package uniquecounter Info: New unique counter `rerunfilecheck' on input line 286.
)
\Hy@SectionHShift=\skip54
) (e:\Users\Claus\AppData\Local\Programs\MiKTeX\tex/latex/listings\lstlang1.sty
File: lstlang1.sty 2020/03/24 1.8d listings language file
) (e:\Users\Claus\AppData\Local\Programs\MiKTeX\tex/latex/l3backend\l3backend-pdftex.def
File: l3backend-pdftex.def 2021-02-06 L3 backend support: PDF output (pdfTeX)
\l__color_backend_stack_int=\count277
\l__pdf_internal_box=\box52
) ("c:/Users\Claus\CloudStation\Bsc 2020\2 semester\UFO\assignments\2\helloworld.aux")
\openout1 = `helloworld.aux'.

LaTeX Font Info:    Checking defaults for OML/cmm/m/it on input line 38.
LaTeX Font Info:    ... okay on input line 38.
LaTeX Font Info:    Checking defaults for OMS/cmsy/m/n on input line 38.
LaTeX Font Info:    ... okay on input line 38.
LaTeX Font Info:    Checking defaults for OT1/cmr/m/n on input line 38.
LaTeX Font Info:    ... okay on input line 38.
LaTeX Font Info:    Checking defaults for T1/cmr/m/n on input line 38.
LaTeX Font Info:    ... okay on input line 38.
LaTeX Font Info:    Checking defaults for TS1/cmr/m/n on input line 38.
LaTeX Font Info:    ... okay on input line 38.
LaTeX Font Info:    Checking defaults for OMX/cmex/m/n on input line 38.
LaTeX Font Info:    ... okay on input line 38.
LaTeX Font Info:    Checking defaults for U/cmr/m/n on input line 38.
LaTeX Font Info:    ... okay on input line 38.
LaTeX Font Info:    Checking defaults for PD1/pdf/m/n on input line 38.
LaTeX Font Info:    ... okay on input line 38.
LaTeX Font Info:    Checking defaults for PU/pdf/m/n on input line 38.
LaTeX Font Info:    ... okay on input line 38.
 (e:\Users\Claus\AppData\Local\Programs\MiKTeX\tex/context/base/mkii\supp-pdf.mkii
[Loading MPS to PDF converter (version 2006.09.02).]
\scratchcounter=\count278
\scratchdimen=\dimen159
\scratchbox=\box53
\nofMPsegments=\count279
\nofMParguments=\count280
\everyMPshowfont=\toks23
\MPscratchCnt=\count281
\MPscratchDim=\dimen160
\MPnumerator=\count282
\makeMPintoPDFobject=\count283
\everyMPtoPDFconversion=\toks24
) (e:\Users\Claus\AppData\Local\Programs\MiKTeX\tex/latex/epstopdf-pkg\epstopdf-base.sty
Package: epstopdf-base 2020-01-24 v2.11 Base part for package epstopdf
Package epstopdf-base Info: Redefining graphics rule for `.eps' on input line 485.
)
\c@lstlisting=\count284
 (e:\Users\Claus\AppData\Local\Programs\MiKTeX\tex/latex/upquote\upquote.sty
Package: upquote 2012/04/19 v1.3 upright-quote and grave-accent glyphs in verbatim
)
Package hyperref Info: Link coloring OFF on input line 38.
 (e:\Users\Claus\AppData\Local\Programs\MiKTeX\tex/latex/hyperref\nameref.sty
Package: nameref 2021-04-02 v2.47 Cross-referencing by name of section
 (e:\Users\Claus\AppData\Local\Programs\MiKTeX\tex/latex/refcount\refcount.sty
Package: refcount 2019/12/15 v3.6 Data extraction from label references (HO)
) (e:\Users\Claus\AppData\Local\Programs\MiKTeX\tex/generic/gettitlestring\gettitlestring.sty
Package: gettitlestring 2019/12/15 v1.6 Cleanup title references (HO)
)
\c@section@level=\count285
)
LaTeX Info: Redefining \ref on input line 38.
LaTeX Info: Redefining \pageref on input line 38.
LaTeX Info: Redefining \nameref on input line 38.
\@outlinefile=\write3
\openout3 = `helloworld.out'.

LaTeX Font Info:    Trying to load font information for U+msa on input line 40.
 (e:\Users\Claus\AppData\Local\Programs\MiKTeX\tex/latex/amsfonts\umsa.fd
File: umsa.fd 2013/01/14 v3.01 AMS symbols A
)
LaTeX Font Info:    Trying to load font information for U+msb on input line 40.
 (e:\Users\Claus\AppData\Local\Programs\MiKTeX\tex/latex/amsfonts\umsb.fd
File: umsb.fd 2013/01/14 v3.01 AMS symbols B
) [1

{C:/Users/Claus/AppData/Local/MiKTeX/pdftex/config/pdftex.map}]
\tf@toc=\write4
\openout4 = `helloworld.toc'.

 [2] [3]
<images/picture.png, id=25, 221.32687pt x 178.41656pt>
File: images/picture.png Graphic file (type png)
<use images/picture.png>
Package pdftex.def Info: images/picture.png  used on input line 56.
(pdftex.def)             Requested size: 221.32631pt x 178.4161pt.
File: images/picture.png Graphic file (type png)
<use images/picture.png>
Package pdftex.def Info: images/picture.png  used on input line 64.
(pdftex.def)             Requested size: 110.66315pt x 89.20805pt.
File: images/picture.png Graphic file (type png)
<use images/picture.png>
Package pdftex.def Info: images/picture.png  used on input line 70.
(pdftex.def)             Requested size: 221.32631pt x 178.4161pt.

Overfull \hbox (48.82631pt too wide) in paragraph at lines 70--71
 [][] 
 []

File: images/picture.png Graphic file (type png)
<use images/picture.png>
Package pdftex.def Info: images/picture.png  used on input line 74.
(pdftex.def)             Requested size: 221.32631pt x 178.4161pt.

Overfull \hbox (48.82631pt too wide) in paragraph at lines 74--75
 [][] 
 []


Overfull \hbox (2.22168pt too wide) in paragraph at lines 68--76
[][] [] 
 []

[4 <c:/Users/Claus/CloudStation/Bsc 2020/2 semester/UFO/assignments/2/images/picture.png>]

LaTeX Warning: Reference `fig:1' on page 5 undefined on input line 84.


LaTeX Warning: Reference `fig:1' on page 5 undefined on input line 87.

[5] [6]
LaTeX Font Info:    Trying to load font information for T1+zi4 on input line 155.
 (e:\Users\Claus\AppData\Local\Programs\MiKTeX\tex/latex/inconsolata\t1zi4.fd
File: t1zi4.fd 2018/01/14 T1/zi4 (Inconsolata)
)
LaTeX Font Info:    Font shape `T1/zi4/m/n' will be
(Font)              scaled to size 10.0pt on input line 155.
 [7]

LaTeX Warning: Reference `table:1' on page 8 undefined on input line 255.


LaTeX Warning: `!h' float specifier changed to `!ht'.

[8]
Overfull \hbox (39.0039pt too wide) in paragraph at lines 291--292
[][][][][][][][][][][][][][][][][][][][][][][][][][][][][][][][][][][][][][][][]  
 []

[9]

Package hyperref Warning: Suppressing link with empty target on input line 316.

c:/Users/Claus/CloudStation/Bsc 2020/2 semester/UFO/assignments/2/helloworld.tex:318: Missing \endcsname inserted.
<to be read again> 
                   \def 
l.318 \end
          {document}
The control sequence marked <to be read again> should
not appear between \csname and \endcsname.

c:/Users/Claus/CloudStation/Bsc 2020/2 semester/UFO/assignments/2/helloworld.tex:318: Missing \endcsname inserted.
<to be read again> 
                   \def 
l.318 \end
          {document}
The control sequence marked <to be read again> should
not appear between \csname and \endcsname.

c:/Users/Claus/CloudStation/Bsc 2020/2 semester/UFO/assignments/2/helloworld.tex:318: Missing \endcsname inserted.
<to be read again> 
                   \def 
l.318 \end
          {document}
The control sequence marked <to be read again> should
not appear between \csname and \endcsname.

c:/Users/Claus/CloudStation/Bsc 2020/2 semester/UFO/assignments/2/helloworld.tex:318: Missing \endcsname inserted.
<to be read again> 
                   \def 
l.318 \end
          {document}
The control sequence marked <to be read again> should
not appear between \csname and \endcsname.

c:/Users/Claus/CloudStation/Bsc 2020/2 semester/UFO/assignments/2/helloworld.tex:318: Missing \endcsname inserted.
<to be read again> 
                   \def 
l.318 \end
          {document}
The control sequence marked <to be read again> should
not appear between \csname and \endcsname.

c:/Users/Claus/CloudStation/Bsc 2020/2 semester/UFO/assignments/2/helloworld.tex:318: Missing \endcsname inserted.
<to be read again> 
                   \def 
l.318 \end
          {document}
The control sequence marked <to be read again> should
not appear between \csname and \endcsname.

c:/Users/Claus/CloudStation/Bsc 2020/2 semester/UFO/assignments/2/helloworld.tex:318: Missing \endcsname inserted.
<to be read again> 
                   \def 
l.318 \end
          {document}
The control sequence marked <to be read again> should
not appear between \csname and \endcsname.

c:/Users/Claus/CloudStation/Bsc 2020/2 semester/UFO/assignments/2/helloworld.tex:318: Missing \endcsname inserted.
<to be read again> 
                   \def 
l.318 \end
          {document}
The control sequence marked <to be read again> should
not appear between \csname and \endcsname.

c:/Users/Claus/CloudStation/Bsc 2020/2 semester/UFO/assignments/2/helloworld.tex:318: Missing \endcsname inserted.
<to be read again> 
                   \def 
l.318 \end
          {document}
The control sequence marked <to be read again> should
not appear between \csname and \endcsname.

c:/Users/Claus/CloudStation/Bsc 2020/2 semester/UFO/assignments/2/helloworld.tex:318: Missing \endcsname inserted.
<to be read again> 
                   \def 
l.318 \end
          {document}
The control sequence marked <to be read again> should
not appear between \csname and \endcsname.

c:/Users/Claus/CloudStation/Bsc 2020/2 semester/UFO/assignments/2/helloworld.tex:318: Missing \endcsname inserted.
<to be read again> 
                   \def 
l.318 \end
          {document}
The control sequence marked <to be read again> should
not appear between \csname and \endcsname.

c:/Users/Claus/CloudStation/Bsc 2020/2 semester/UFO/assignments/2/helloworld.tex:318: Missing \endcsname inserted.
<to be read again> 
                   \def 
l.318 \end
          {document}
The control sequence marked <to be read again> should
not appear between \csname and \endcsname.

c:/Users/Claus/CloudStation/Bsc 2020/2 semester/UFO/assignments/2/helloworld.tex:318: Missing \endcsname inserted.
<to be read again> 
                   \def 
l.318 \end
          {document}
The control sequence marked <to be read again> should
not appear between \csname and \endcsname.

c:/Users/Claus/CloudStation/Bsc 2020/2 semester/UFO/assignments/2/helloworld.tex:318: Missing \endcsname inserted.
<to be read again> 
                   \def 
l.318 \end
          {document}
The control sequence marked <to be read again> should
not appear between \csname and \endcsname.

c:/Users/Claus/CloudStation/Bsc 2020/2 semester/UFO/assignments/2/helloworld.tex:318: Missing \endcsname inserted.
<to be read again> 
                   \def 
l.318 \end
          {document}
The control sequence marked <to be read again> should
not appear between \csname and \endcsname.

c:/Users/Claus/CloudStation/Bsc 2020/2 semester/UFO/assignments/2/helloworld.tex:318: Missing \endcsname inserted.
<to be read again> 
                   \def 
l.318 \end
          {document}
The control sequence marked <to be read again> should
not appear between \csname and \endcsname.

c:/Users/Claus/CloudStation/Bsc 2020/2 semester/UFO/assignments/2/helloworld.tex:318: Missing \endcsname inserted.
<to be read again> 
                   \def 
l.318 \end
          {document}
The control sequence marked <to be read again> should
not appear between \csname and \endcsname.

c:/Users/Claus/CloudStation/Bsc 2020/2 semester/UFO/assignments/2/helloworld.tex:318: Missing \endcsname inserted.
<to be read again> 
                   \def 
l.318 \end
          {document}
The control sequence marked <to be read again> should
not appear between \csname and \endcsname.

c:/Users/Claus/CloudStation/Bsc 2020/2 semester/UFO/assignments/2/helloworld.tex:318: Missing \endcsname inserted.
<to be read again> 
                   \def 
l.318 \end
          {document}
The control sequence marked <to be read again> should
not appear between \csname and \endcsname.

c:/Users/Claus/CloudStation/Bsc 2020/2 semester/UFO/assignments/2/helloworld.tex:318: Missing \endcsname inserted.
<to be read again> 
                   \def 
l.318 \end
          {document}
The control sequence marked <to be read again> should
not appear between \csname and \endcsname.

c:/Users/Claus/CloudStation/Bsc 2020/2 semester/UFO/assignments/2/helloworld.tex:318: Missing \endcsname inserted.
<to be read again> 
                   \def 
l.318 \end
          {document}
The control sequence marked <to be read again> should
not appear between \csname and \endcsname.

c:/Users/Claus/CloudStation/Bsc 2020/2 semester/UFO/assignments/2/helloworld.tex:318: Missing \endcsname inserted.
<to be read again> 
                   \def 
l.318 \end
          {document}
The control sequence marked <to be read again> should
not appear between \csname and \endcsname.

c:/Users/Claus/CloudStation/Bsc 2020/2 semester/UFO/assignments/2/helloworld.tex:318: Missing \endcsname inserted.
<to be read again> 
                   \def 
l.318 \end
          {document}
The control sequence marked <to be read again> should
not appear between \csname and \endcsname.

c:/Users/Claus/CloudStation/Bsc 2020/2 semester/UFO/assignments/2/helloworld.tex:318: Missing \endcsname inserted.
<to be read again> 
                   \def 
l.318 \end
          {document}
The control sequence marked <to be read again> should
not appear between \csname and \endcsname.

c:/Users/Claus/CloudStation/Bsc 2020/2 semester/UFO/assignments/2/helloworld.tex:318: Missing \endcsname inserted.
<to be read again> 
                   \def 
l.318 \end
          {document}
The control sequence marked <to be read again> should
not appear between \csname and \endcsname.

c:/Users/Claus/CloudStation/Bsc 2020/2 semester/UFO/assignments/2/helloworld.tex:318: Missing \endcsname inserted.
<to be read again> 
                   \def 
l.318 \end
          {document}
The control sequence marked <to be read again> should
not appear between \csname and \endcsname.

c:/Users/Claus/CloudStation/Bsc 2020/2 semester/UFO/assignments/2/helloworld.tex:318: Missing \endcsname inserted.
<to be read again> 
                   \def 
l.318 \end
          {document}
The control sequence marked <to be read again> should
not appear between \csname and \endcsname.

c:/Users/Claus/CloudStation/Bsc 2020/2 semester/UFO/assignments/2/helloworld.tex:318: Missing \endcsname inserted.
<to be read again> 
                   \def 
l.318 \end
          {document}
The control sequence marked <to be read again> should
not appear between \csname and \endcsname.

c:/Users/Claus/CloudStation/Bsc 2020/2 semester/UFO/assignments/2/helloworld.tex:318: Missing \endcsname inserted.
<to be read again> 
                   \def 
l.318 \end
          {document}
The control sequence marked <to be read again> should
not appear between \csname and \endcsname.

c:/Users/Claus/CloudStation/Bsc 2020/2 semester/UFO/assignments/2/helloworld.tex:318: Missing \endcsname inserted.
<to be read again> 
                   \def 
l.318 \end
          {document}
The control sequence marked <to be read again> should
not appear between \csname and \endcsname.

c:/Users/Claus/CloudStation/Bsc 2020/2 semester/UFO/assignments/2/helloworld.tex:318: Missing \endcsname inserted.
<to be read again> 
                   \def 
l.318 \end
          {document}
The control sequence marked <to be read again> should
not appear between \csname and \endcsname.

c:/Users/Claus/CloudStation/Bsc 2020/2 semester/UFO/assignments/2/helloworld.tex:318: Missing \endcsname inserted.
<to be read again> 
                   \def 
l.318 \end
          {document}
The control sequence marked <to be read again> should
not appear between \csname and \endcsname.

c:/Users/Claus/CloudStation/Bsc 2020/2 semester/UFO/assignments/2/helloworld.tex:318: Missing \endcsname inserted.
<to be read again> 
                   \def 
l.318 \end
          {document}
The control sequence marked <to be read again> should
not appear between \csname and \endcsname.

c:/Users/Claus/CloudStation/Bsc 2020/2 semester/UFO/assignments/2/helloworld.tex:318: Missing \endcsname inserted.
<to be read again> 
                   \def 
l.318 \end
          {document}
The control sequence marked <to be read again> should
not appear between \csname and \endcsname.

c:/Users/Claus/CloudStation/Bsc 2020/2 semester/UFO/assignments/2/helloworld.tex:318: Missing \endcsname inserted.
<to be read again> 
                   \def 
l.318 \end
          {document}
The control sequence marked <to be read again> should
not appear between \csname and \endcsname.

c:/Users/Claus/CloudStation/Bsc 2020/2 semester/UFO/assignments/2/helloworld.tex:318: Missing \endcsname inserted.
<to be read again> 
                   \def 
l.318 \end
          {document}
The control sequence marked <to be read again> should
not appear between \csname and \endcsname.

c:/Users/Claus/CloudStation/Bsc 2020/2 semester/UFO/assignments/2/helloworld.tex:318: Missing \endcsname inserted.
<to be read again> 
                   \def 
l.318 \end
          {document}
The control sequence marked <to be read again> should
not appear between \csname and \endcsname.

c:/Users/Claus/CloudStation/Bsc 2020/2 semester/UFO/assignments/2/helloworld.tex:318: Missing \endcsname inserted.
<to be read again> 
                   \def 
l.318 \end
          {document}
The control sequence marked <to be read again> should
not appear between \csname and \endcsname.

c:/Users/Claus/CloudStation/Bsc 2020/2 semester/UFO/assignments/2/helloworld.tex:318: Missing \endcsname inserted.
<to be read again> 
                   \def 
l.318 \end
          {document}
The control sequence marked <to be read again> should
not appear between \csname and \endcsname.

c:/Users/Claus/CloudStation/Bsc 2020/2 semester/UFO/assignments/2/helloworld.tex:318: Missing \endcsname inserted.
<to be read again> 
                   \def 
l.318 \end
          {document}
The control sequence marked <to be read again> should
not appear between \csname and \endcsname.

c:/Users/Claus/CloudStation/Bsc 2020/2 semester/UFO/assignments/2/helloworld.tex:318: Missing \endcsname inserted.
<to be read again> 
                   \def 
l.318 \end
          {document}
The control sequence marked <to be read again> should
not appear between \csname and \endcsname.

c:/Users/Claus/CloudStation/Bsc 2020/2 semester/UFO/assignments/2/helloworld.tex:318: Missing \endcsname inserted.
<to be read again> 
                   \def 
l.318 \end
          {document}
The control sequence marked <to be read again> should
not appear between \csname and \endcsname.

c:/Users/Claus/CloudStation/Bsc 2020/2 semester/UFO/assignments/2/helloworld.tex:318: Missing \endcsname inserted.
<to be read again> 
                   \def 
l.318 \end
          {document}
The control sequence marked <to be read again> should
not appear between \csname and \endcsname.

c:/Users/Claus/CloudStation/Bsc 2020/2 semester/UFO/assignments/2/helloworld.tex:318: Missing \endcsname inserted.
<to be read again> 
                   \def 
l.318 \end
          {document}
The control sequence marked <to be read again> should
not appear between \csname and \endcsname.

c:/Users/Claus/CloudStation/Bsc 2020/2 semester/UFO/assignments/2/helloworld.tex:318: Missing \endcsname inserted.
<to be read again> 
                   \def 
l.318 \end
          {document}
The control sequence marked <to be read again> should
not appear between \csname and \endcsname.

c:/Users/Claus/CloudStation/Bsc 2020/2 semester/UFO/assignments/2/helloworld.tex:318: Missing \endcsname inserted.
<to be read again> 
                   \def 
l.318 \end
          {document}
The control sequence marked <to be read again> should
not appear between \csname and \endcsname.

c:/Users/Claus/CloudStation/Bsc 2020/2 semester/UFO/assignments/2/helloworld.tex:318: Missing \endcsname inserted.
<to be read again> 
                   \def 
l.318 \end
          {document}
The control sequence marked <to be read again> should
not appear between \csname and \endcsname.

c:/Users/Claus/CloudStation/Bsc 2020/2 semester/UFO/assignments/2/helloworld.tex:318: Missing \endcsname inserted.
<to be read again> 
                   \def 
l.318 \end
          {document}
The control sequence marked <to be read again> should
not appear between \csname and \endcsname.

c:/Users/Claus/CloudStation/Bsc 2020/2 semester/UFO/assignments/2/helloworld.tex:318: Missing \endcsname inserted.
<to be read again> 
                   \def 
l.318 \end
          {document}
The control sequence marked <to be read again> should
not appear between \csname and \endcsname.

c:/Users/Claus/CloudStation/Bsc 2020/2 semester/UFO/assignments/2/helloworld.tex:318: Missing \endcsname inserted.
<to be read again> 
                   \def 
l.318 \end
          {document}
The control sequence marked <to be read again> should
not appear between \csname and \endcsname.

c:/Users/Claus/CloudStation/Bsc 2020/2 semester/UFO/assignments/2/helloworld.tex:318: Missing \endcsname inserted.
<to be read again> 
                   \def 
l.318 \end
          {document}
The control sequence marked <to be read again> should
not appear between \csname and \endcsname.

c:/Users/Claus/CloudStation/Bsc 2020/2 semester/UFO/assignments/2/helloworld.tex:318: Missing \endcsname inserted.
<to be read again> 
                   \def 
l.318 \end
          {document}
The control sequence marked <to be read again> should
not appear between \csname and \endcsname.

c:/Users/Claus/CloudStation/Bsc 2020/2 semester/UFO/assignments/2/helloworld.tex:318: Missing \endcsname inserted.
<to be read again> 
                   \def 
l.318 \end
          {document}
The control sequence marked <to be read again> should
not appear between \csname and \endcsname.

c:/Users/Claus/CloudStation/Bsc 2020/2 semester/UFO/assignments/2/helloworld.tex:318: Missing \endcsname inserted.
<to be read again> 
                   \def 
l.318 \end
          {document}
The control sequence marked <to be read again> should
not appear between \csname and \endcsname.

c:/Users/Claus/CloudStation/Bsc 2020/2 semester/UFO/assignments/2/helloworld.tex:318: Missing \endcsname inserted.
<to be read again> 
                   \def 
l.318 \end
          {document}
The control sequence marked <to be read again> should
not appear between \csname and \endcsname.

c:/Users/Claus/CloudStation/Bsc 2020/2 semester/UFO/assignments/2/helloworld.tex:318: Missing \endcsname inserted.
<to be read again> 
                   \def 
l.318 \end
          {document}
The control sequence marked <to be read again> should
not appear between \csname and \endcsname.

c:/Users/Claus/CloudStation/Bsc 2020/2 semester/UFO/assignments/2/helloworld.tex:318: Missing \endcsname inserted.
<to be read again> 
                   \def 
l.318 \end
          {document}
The control sequence marked <to be read again> should
not appear between \csname and \endcsname.

c:/Users/Claus/CloudStation/Bsc 2020/2 semester/UFO/assignments/2/helloworld.tex:318: Missing \endcsname inserted.
<to be read again> 
                   \def 
l.318 \end
          {document}
The control sequence marked <to be read again> should
not appear between \csname and \endcsname.

c:/Users/Claus/CloudStation/Bsc 2020/2 semester/UFO/assignments/2/helloworld.tex:318: Missing \endcsname inserted.
<to be read again> 
                   \def 
l.318 \end
          {document}
The control sequence marked <to be read again> should
not appear between \csname and \endcsname.

c:/Users/Claus/CloudStation/Bsc 2020/2 semester/UFO/assignments/2/helloworld.tex:318: Missing \endcsname inserted.
<to be read again> 
                   \def 
l.318 \end
          {document}
The control sequence marked <to be read again> should
not appear between \csname and \endcsname.

c:/Users/Claus/CloudStation/Bsc 2020/2 semester/UFO/assignments/2/helloworld.tex:318: Missing \endcsname inserted.
<to be read again> 
                   \def 
l.318 \end
          {document}
The control sequence marked <to be read again> should
not appear between \csname and \endcsname.

c:/Users/Claus/CloudStation/Bsc 2020/2 semester/UFO/assignments/2/helloworld.tex:318: Missing \endcsname inserted.
<to be read again> 
                   \def 
l.318 \end
          {document}
The control sequence marked <to be read again> should
not appear between \csname and \endcsname.

c:/Users/Claus/CloudStation/Bsc 2020/2 semester/UFO/assignments/2/helloworld.tex:318: Missing \endcsname inserted.
<to be read again> 
                   \def 
l.318 \end
          {document}
The control sequence marked <to be read again> should
not appear between \csname and \endcsname.

c:/Users/Claus/CloudStation/Bsc 2020/2 semester/UFO/assignments/2/helloworld.tex:318: Missing \endcsname inserted.
<to be read again> 
                   \def 
l.318 \end
          {document}
The control sequence marked <to be read again> should
not appear between \csname and \endcsname.

c:/Users/Claus/CloudStation/Bsc 2020/2 semester/UFO/assignments/2/helloworld.tex:318: Missing \endcsname inserted.
<to be read again> 
                   \def 
l.318 \end
          {document}
The control sequence marked <to be read again> should
not appear between \csname and \endcsname.

c:/Users/Claus/CloudStation/Bsc 2020/2 semester/UFO/assignments/2/helloworld.tex:318: Missing \endcsname inserted.
<to be read again> 
                   \def 
l.318 \end
          {document}
The control sequence marked <to be read again> should
not appear between \csname and \endcsname.

c:/Users/Claus/CloudStation/Bsc 2020/2 semester/UFO/assignments/2/helloworld.tex:318: Missing \endcsname inserted.
<to be read again> 
                   \def 
l.318 \end
          {document}
The control sequence marked <to be read again> should
not appear between \csname and \endcsname.

c:/Users/Claus/CloudStation/Bsc 2020/2 semester/UFO/assignments/2/helloworld.tex:318: Missing \endcsname inserted.
<to be read again> 
                   \def 
l.318 \end
          {document}
The control sequence marked <to be read again> should
not appear between \csname and \endcsname.

c:/Users/Claus/CloudStation/Bsc 2020/2 semester/UFO/assignments/2/helloworld.tex:318: Missing \endcsname inserted.
<to be read again> 
                   \def 
l.318 \end
          {document}
The control sequence marked <to be read again> should
not appear between \csname and \endcsname.

c:/Users/Claus/CloudStation/Bsc 2020/2 semester/UFO/assignments/2/helloworld.tex:318: Missing \endcsname inserted.
<to be read again> 
                   \def 
l.318 \end
          {document}
The control sequence marked <to be read again> should
not appear between \csname and \endcsname.

c:/Users/Claus/CloudStation/Bsc 2020/2 semester/UFO/assignments/2/helloworld.tex:318: Missing \endcsname inserted.
<to be read again> 
                   \def 
l.318 \end
          {document}
The control sequence marked <to be read again> should
not appear between \csname and \endcsname.

c:/Users/Claus/CloudStation/Bsc 2020/2 semester/UFO/assignments/2/helloworld.tex:318: Missing \endcsname inserted.
<to be read again> 
                   \def 
l.318 \end
          {document}
The control sequence marked <to be read again> should
not appear between \csname and \endcsname.

c:/Users/Claus/CloudStation/Bsc 2020/2 semester/UFO/assignments/2/helloworld.tex:318: Missing \endcsname inserted.
<to be read again> 
                   \def 
l.318 \end
          {document}
The control sequence marked <to be read again> should
not appear between \csname and \endcsname.

c:/Users/Claus/CloudStation/Bsc 2020/2 semester/UFO/assignments/2/helloworld.tex:318: Missing \endcsname inserted.
<to be read again> 
                   \def 
l.318 \end
          {document}
The control sequence marked <to be read again> should
not appear between \csname and \endcsname.

c:/Users/Claus/CloudStation/Bsc 2020/2 semester/UFO/assignments/2/helloworld.tex:318: Missing \endcsname inserted.
<to be read again> 
                   \def 
l.318 \end
          {document}
The control sequence marked <to be read again> should
not appear between \csname and \endcsname.

c:/Users/Claus/CloudStation/Bsc 2020/2 semester/UFO/assignments/2/helloworld.tex:318: Missing \endcsname inserted.
<to be read again> 
                   \def 
l.318 \end
          {document}
The control sequence marked <to be read again> should
not appear between \csname and \endcsname.

c:/Users/Claus/CloudStation/Bsc 2020/2 semester/UFO/assignments/2/helloworld.tex:318: Missing \endcsname inserted.
<to be read again> 
                   \def 
l.318 \end
          {document}
The control sequence marked <to be read again> should
not appear between \csname and \endcsname.

c:/Users/Claus/CloudStation/Bsc 2020/2 semester/UFO/assignments/2/helloworld.tex:318: Missing \endcsname inserted.
<to be read again> 
                   \def 
l.318 \end
          {document}
The control sequence marked <to be read again> should
not appear between \csname and \endcsname.

c:/Users/Claus/CloudStation/Bsc 2020/2 semester/UFO/assignments/2/helloworld.tex:318: Missing \endcsname inserted.
<to be read again> 
                   \def 
l.318 \end
          {document}
The control sequence marked <to be read again> should
not appear between \csname and \endcsname.

c:/Users/Claus/CloudStation/Bsc 2020/2 semester/UFO/assignments/2/helloworld.tex:318: Missing \endcsname inserted.
<to be read again> 
                   \def 
l.318 \end
          {document}
The control sequence marked <to be read again> should
not appear between \csname and \endcsname.

c:/Users/Claus/CloudStation/Bsc 2020/2 semester/UFO/assignments/2/helloworld.tex:318: Missing \endcsname inserted.
<to be read again> 
                   \def 
l.318 \end
          {document}
The control sequence marked <to be read again> should
not appear between \csname and \endcsname.

c:/Users/Claus/CloudStation/Bsc 2020/2 semester/UFO/assignments/2/helloworld.tex:318: Missing \endcsname inserted.
<to be read again> 
                   \def 
l.318 \end
          {document}
The control sequence marked <to be read again> should
not appear between \csname and \endcsname.

c:/Users/Claus/CloudStation/Bsc 2020/2 semester/UFO/assignments/2/helloworld.tex:318: Missing \endcsname inserted.
<to be read again> 
                   \def 
l.318 \end
          {document}
The control sequence marked <to be read again> should
not appear between \csname and \endcsname.

c:/Users/Claus/CloudStation/Bsc 2020/2 semester/UFO/assignments/2/helloworld.tex:318: Missing \endcsname inserted.
<to be read again> 
                   \def 
l.318 \end
          {document}
The control sequence marked <to be read again> should
not appear between \csname and \endcsname.

c:/Users/Claus/CloudStation/Bsc 2020/2 semester/UFO/assignments/2/helloworld.tex:318: Missing \endcsname inserted.
<to be read again> 
                   \def 
l.318 \end
          {document}
The control sequence marked <to be read again> should
not appear between \csname and \endcsname.

c:/Users/Claus/CloudStation/Bsc 2020/2 semester/UFO/assignments/2/helloworld.tex:318: Missing \endcsname inserted.
<to be read again> 
                   \def 
l.318 \end
          {document}
The control sequence marked <to be read again> should
not appear between \csname and \endcsname.

c:/Users/Claus/CloudStation/Bsc 2020/2 semester/UFO/assignments/2/helloworld.tex:318: Missing \endcsname inserted.
<to be read again> 
                   \def 
l.318 \end
          {document}
The control sequence marked <to be read again> should
not appear between \csname and \endcsname.

c:/Users/Claus/CloudStation/Bsc 2020/2 semester/UFO/assignments/2/helloworld.tex:318: Missing \endcsname inserted.
<to be read again> 
                   \def 
l.318 \end
          {document}
The control sequence marked <to be read again> should
not appear between \csname and \endcsname.

c:/Users/Claus/CloudStation/Bsc 2020/2 semester/UFO/assignments/2/helloworld.tex:318: Missing \endcsname inserted.
<to be read again> 
                   \def 
l.318 \end
          {document}
The control sequence marked <to be read again> should
not appear between \csname and \endcsname.

c:/Users/Claus/CloudStation/Bsc 2020/2 semester/UFO/assignments/2/helloworld.tex:318: Missing \endcsname inserted.
<to be read again> 
                   \def 
l.318 \end
          {document}
The control sequence marked <to be read again> should
not appear between \csname and \endcsname.

c:/Users/Claus/CloudStation/Bsc 2020/2 semester/UFO/assignments/2/helloworld.tex:318: Missing \endcsname inserted.
<to be read again> 
                   \def 
l.318 \end
          {document}
The control sequence marked <to be read again> should
not appear between \csname and \endcsname.

c:/Users/Claus/CloudStation/Bsc 2020/2 semester/UFO/assignments/2/helloworld.tex:318: Missing \endcsname inserted.
<to be read again> 
                   \def 
l.318 \end
          {document}
The control sequence marked <to be read again> should
not appear between \csname and \endcsname.

c:/Users/Claus/CloudStation/Bsc 2020/2 semester/UFO/assignments/2/helloworld.tex:318: Missing \endcsname inserted.
<to be read again> 
                   \def 
l.318 \end
          {document}
The control sequence marked <to be read again> should
not appear between \csname and \endcsname.

c:/Users/Claus/CloudStation/Bsc 2020/2 semester/UFO/assignments/2/helloworld.tex:318: Missing \endcsname inserted.
<to be read again> 
                   \def 
l.318 \end
          {document}
The control sequence marked <to be read again> should
not appear between \csname and \endcsname.

c:/Users/Claus/CloudStation/Bsc 2020/2 semester/UFO/assignments/2/helloworld.tex:318: Missing \endcsname inserted.
<to be read again> 
                   \def 
l.318 \end
          {document}
The control sequence marked <to be read again> should
not appear between \csname and \endcsname.

c:/Users/Claus/CloudStation/Bsc 2020/2 semester/UFO/assignments/2/helloworld.tex:318: Missing \endcsname inserted.
<to be read again> 
                   \def 
l.318 \end
          {document}
The control sequence marked <to be read again> should
not appear between \csname and \endcsname.

c:/Users/Claus/CloudStation/Bsc 2020/2 semester/UFO/assignments/2/helloworld.tex:318: Missing \endcsname inserted.
<to be read again> 
                   \def 
l.318 \end
          {document}
The control sequence marked <to be read again> should
not appear between \csname and \endcsname.

c:/Users/Claus/CloudStation/Bsc 2020/2 semester/UFO/assignments/2/helloworld.tex:318: Missing \endcsname inserted.
<to be read again> 
                   \def 
l.318 \end
          {document}
The control sequence marked <to be read again> should
not appear between \csname and \endcsname.

c:/Users/Claus/CloudStation/Bsc 2020/2 semester/UFO/assignments/2/helloworld.tex:318: Missing \endcsname inserted.
<to be read again> 
                   \def 
l.318 \end
          {document}
The control sequence marked <to be read again> should
not appear between \csname and \endcsname.

c:/Users/Claus/CloudStation/Bsc 2020/2 semester/UFO/assignments/2/helloworld.tex:318: Missing \endcsname inserted.
<to be read again> 
                   \def 
l.318 \end
          {document}
(That makes 100 errors; please try again.) 
Here is how much of TeX's memory you used:
 12017 strings out of 479616
 174917 string characters out of 2865001
 689003 words of memory out of 3000000
 28903 multiletter control sequences out of 15000+200000
 417016 words of font info for 63 fonts, out of 3000000 for 9000
 1141 hyphenation exceptions out of 8191
 71i,11n,74p,342b,1821s stack positions out of 5000i,500n,10000p,200000b,50000s

c:/Users/Claus/CloudStation/Bsc 2020/2 semester/UFO/assignments/2/helloworld.tex:318:  ==> Fatal error occurred, no output PDF file produced!
